# JRE version: OpenJDK Runtime Environment (8.0) (build 1.8.0-25-microsoft-b00)
# Java VM: OpenJDK 64-Bit Server VM (25.71-b00 mixed mode windows-amd64 compressed oops)
Heap:
 PSYoungGen      total 242688K, used 90668K [0x00000000eab00000, 0x00000000fd380000, 0x0000000100000000)
  eden space 218624K, 32% used [0x00000000eab00000,0x00000000ef1667c8,0x00000000f8080000)
  from space 24064K, 77% used [0x00000000f9980000,0x00000000faba4a78,0x00000000fb100000)
  to   space 25600K, 0% used [0x00000000f8080000,0x00000000f8080000,0x00000000f9980000)
 ParOldGen       total 72704K, used 47929K [0x00000000c0000000, 0x00000000c4700000, 0x00000000eab00000)
  object space 72704K, 65% used [0x00000000c0000000,0x00000000c2ece698,0x00000000c4700000)
 Metaspace       used 15855K, capacity 16628K, committed 16768K, reserved 1064960K
  class space    used 1863K, capacity 2090K, committed 2176K, reserved 1048576K
GC Heap History (10 events):
Event: 16.691 GC heap before
{Heap before GC invocations=17 (full 1):
 PSYoungGen      total 184832K, used 181808K [0x00000000eab00000, 0x00000000fb100000, 0x0000000100000000)
  eden space 162304K, 100% used [0x00000000eab00000,0x00000000f4980000,0x00000000f4980000)
  from space 22528K, 86% used [0x00000000f4980000,0x00000000f5c8c160,0x00000000f5f80000)
  to   space 24064K, 0% used [0x00000000f9980000,0x00000000f9980000,0x00000000fb100000)
 ParOldGen       total 72704K, used 35011K [0x00000000c0000000, 0x00000000c4700000, 0x00000000eab00000)
  object space 72704K, 48% used [0x00000000c0000000,0x00000000c2230f98,0x00000000c4700000)
 Metaspace       used 15748K, capacity 16550K, committed 16768K, reserved 1064960K
  class space    used 1860K, capacity 2089K, committed 2176K, reserved 1048576K
Event: 16.776 GC heap after
Heap after GC invocations=17 (full 1):
 PSYoungGen      total 241152K, used 21248K [0x00000000eab00000, 0x00000000fb200000, 0x0000000100000000)
  eden space 217088K, 0% used [0x00000000eab00000,0x00000000eab00000,0x00000000f7f00000)
  from space 24064K, 88% used [0x00000000f9980000,0x00000000fae40170,0x00000000fb100000)
  to   space 26112K, 0% used [0x00000000f7f00000,0x00000000f7f00000,0x00000000f9880000)
 ParOldGen       total 72704K, used 35011K [0x00000000c0000000, 0x00000000c4700000, 0x00000000eab00000)
  object space 72704K, 48% used [0x00000000c0000000,0x00000000c2230f98,0x00000000c4700000)
 Metaspace       used 15748K, capacity 16550K, committed 16768K, reserved 1064960K
  class space    used 1860K, capacity 2089K, committed 2176K, reserved 1048576K
}
Event: 17.811 GC heap before
{Heap before GC invocations=18 (full 1):
 PSYoungGen      total 241152K, used 238336K [0x00000000eab00000, 0x00000000fb200000, 0x0000000100000000)
  eden space 217088K, 100% used [0x00000000eab00000,0x00000000f7f00000,0x00000000f7f00000)
  from space 24064K, 88% used [0x00000000f9980000,0x00000000fae40170,0x00000000fb100000)
  to   space 26112K, 0% used [0x00000000f7f00000,0x00000000f7f00000,0x00000000f9880000)
 ParOldGen       total 72704K, used 35011K [0x00000000c0000000, 0x00000000c4700000, 0x00000000eab00000)
  object space 72704K, 48% used [0x00000000c0000000,0x00000000c2230f98,0x00000000c4700000)
 Metaspace       used 15778K, capacity 16550K, committed 16768K, reserved 1064960K
  class space    used 1860K, capacity 2089K, committed 2176K, reserved 1048576K
Event: 17.884 GC heap after
Heap after GC invocations=18 (full 1):
 PSYoungGen      total 243200K, used 16644K [0x00000000eab00000, 0x00000000fb200000, 0x0000000100000000)
  eden space 217088K, 0% used [0x00000000eab00000,0x00000000eab00000,0x00000000f7f00000)
  from space 26112K, 63% used [0x00000000f7f00000,0x00000000f8f41110,0x00000000f9880000)
  to   space 24064K, 0% used [0x00000000f9980000,0x00000000f9980000,0x00000000fb100000)
 ParOldGen       total 72704K, used 42433K [0x00000000c0000000, 0x00000000c4700000, 0x00000000eab00000)
  object space 72704K, 58% used [0x00000000c0000000,0x00000000c2970678,0x00000000c4700000)
 Metaspace       used 15778K, capacity 16550K, committed 16768K, reserved 1064960K
  class space    used 1860K, capacity 2089K, committed 2176K, reserved 1048576K
}
Event: 19.172 GC heap before
{Heap before GC invocations=19 (full 1):
 PSYoungGen      total 243200K, used 233732K [0x00000000eab00000, 0x00000000fb200000, 0x0000000100000000)
  eden space 217088K, 100% used [0x00000000eab00000,0x00000000f7f00000,0x00000000f7f00000)
  from space 26112K, 63% used [0x00000000f7f00000,0x00000000f8f41110,0x00000000f9880000)
  to   space 24064K, 0% used [0x00000000f9980000,0x00000000f9980000,0x00000000fb100000)
 ParOldGen       total 72704K, used 42433K [0x00000000c0000000, 0x00000000c4700000, 0x00000000eab00000)
  object space 72704K, 58% used [0x00000000c0000000,0x00000000c2970678,0x00000000c4700000)
 Metaspace       used 15828K, capacity 16624K, committed 16768K, reserved 1064960K
  class space    used 1863K, capacity 2090K, committed 2176K, reserved 1048576K
Event: 19.220 GC heap after
Heap after GC invocations=19 (full 1):
 PSYoungGen      total 241152K, used 15568K [0x00000000eab00000, 0x00000000fb200000, 0x0000000100000000)
  eden space 217088K, 0% used [0x00000000eab00000,0x00000000eab00000,0x00000000f7f00000)
  from space 24064K, 64% used [0x00000000f9980000,0x00000000fa8b4030,0x00000000fb100000)
  to   space 26112K, 0% used [0x00000000f7f00000,0x00000000f7f00000,0x00000000f9880000)
 ParOldGen       total 72704K, used 45857K [0x00000000c0000000, 0x00000000c4700000, 0x00000000eab00000)
  object space 72704K, 63% used [0x00000000c0000000,0x00000000c2cc8688,0x00000000c4700000)
 Metaspace       used 15828K, capacity 16624K, committed 16768K, reserved 1064960K
  class space    used 1863K, capacity 2090K, committed 2176K, reserved 1048576K
}
Event: 20.193 GC heap before
{Heap before GC invocations=20 (full 1):
 PSYoungGen      total 241152K, used 232656K [0x00000000eab00000, 0x00000000fb200000, 0x0000000100000000)
  eden space 217088K, 100% used [0x00000000eab00000,0x00000000f7f00000,0x00000000f7f00000)
  from space 24064K, 64% used [0x00000000f9980000,0x00000000fa8b4030,0x00000000fb100000)
  to   space 26112K, 0% used [0x00000000f7f00000,0x00000000f7f00000,0x00000000f9880000)
 ParOldGen       total 72704K, used 45857K [0x00000000c0000000, 0x00000000c4700000, 0x00000000eab00000)
  object space 72704K, 63% used [0x00000000c0000000,0x00000000c2cc8688,0x00000000c4700000)
 Metaspace       used 15847K, capacity 16628K, committed 16768K, reserved 1064960K
  class space    used 1863K, capacity 2090K, committed 2176K, reserved 1048576K
Event: 20.228 GC heap after
Heap after GC invocations=20 (full 1):
 PSYoungGen      total 243200K, used 15920K [0x00000000eab00000, 0x00000000fb200000, 0x0000000100000000)
  eden space 217088K, 0% used [0x00000000eab00000,0x00000000eab00000,0x00000000f7f00000)
  from space 26112K, 60% used [0x00000000f7f00000,0x00000000f8e8c020,0x00000000f9880000)
  to   space 24064K, 0% used [0x00000000f9980000,0x00000000f9980000,0x00000000fb100000)
 ParOldGen       total 72704K, used 47921K [0x00000000c0000000, 0x00000000c4700000, 0x00000000eab00000)
  object space 72704K, 65% used [0x00000000c0000000,0x00000000c2ecc698,0x00000000c4700000)
 Metaspace       used 15847K, capacity 16628K, committed 16768K, reserved 1064960K
  class space    used 1863K, capacity 2090K, committed 2176K, reserved 1048576K
}
Event: 21.301 GC heap before
{Heap before GC invocations=21 (full 1):
 PSYoungGen      total 243200K, used 233008K [0x00000000eab00000, 0x00000000fb200000, 0x0000000100000000)
  eden space 217088K, 100% used [0x00000000eab00000,0x00000000f7f00000,0x00000000f7f00000)
  from space 26112K, 60% used [0x00000000f7f00000,0x00000000f8e8c020,0x00000000f9880000)
  to   space 24064K, 0% used [0x00000000f9980000,0x00000000f9980000,0x00000000fb100000)
 ParOldGen       total 72704K, used 47921K [0x00000000c0000000, 0x00000000c4700000, 0x00000000eab00000)
  object space 72704K, 65% used [0x00000000c0000000,0x00000000c2ecc698,0x00000000c4700000)
 Metaspace       used 15854K, capacity 16628K, committed 16768K, reserved 1064960K
  class space    used 1863K, capacity 2090K, committed 2176K, reserved 1048576K
Event: 21.341 GC heap after
Heap after GC invocations=21 (full 1):
 PSYoungGen      total 242688K, used 18578K [0x00000000eab00000, 0x00000000fd380000, 0x0000000100000000)
  eden space 218624K, 0% used [0x00000000eab00000,0x00000000eab00000,0x00000000f8080000)
  from space 24064K, 77% used [0x00000000f9980000,0x00000000faba4a78,0x00000000fb100000)
  to   space 25600K, 0% used [0x00000000f8080000,0x00000000f8080000,0x00000000f9980000)
 ParOldGen       total 72704K, used 47929K [0x00000000c0000000, 0x00000000c4700000, 0x00000000eab00000)
  object space 72704K, 65% used [0x00000000c0000000,0x00000000c2ece698,0x00000000c4700000)
 Metaspace       used 15854K, capacity 16628K, committed 16768K, reserved 1064960K
  class space    used 1863K, capacity 2090K, committed 2176K, reserved 1048576K
}

